{"C:\\Users\\vitor.souza\\Documents\\React\\tree-items\\src\\index.js": {"path":"C:\\Users\\vitor.souza\\Documents\\React\\tree-items\\src\\index.js","statementMap":{"0":{"start":{"line":7,"column":20},"end":{"line":7,"column":51}},"1":{"start":{"line":8,"column":0},"end":{"line":13,"column":2}}},"fnMap":{},"branchMap":{},"s":{"0":0,"1":0},"f":{},"b":{},"hash":"1ba3a0e4e43c162e496c56aeaa4da5b0a8739245"}
,"C:\\Users\\vitor.souza\\Documents\\React\\tree-items\\src\\components\\Tree.js": {"path":"C:\\Users\\vitor.souza\\Documents\\React\\tree-items\\src\\components\\Tree.js","statementMap":{"0":{"start":{"line":8,"column":13},"end":{"line":19,"column":1}},"1":{"start":{"line":9,"column":2},"end":{"line":11,"column":16}},"2":{"start":{"line":10,"column":4},"end":{"line":10,"column":14}},"3":{"start":{"line":13,"column":2},"end":{"line":18,"column":4}},"4":{"start":{"line":16,"column":31},"end":{"line":16,"column":69}},"5":{"start":{"line":21,"column":24},"end":{"line":25,"column":1}},"6":{"start":{"line":22,"column":16},"end":{"line":22,"column":35}},"7":{"start":{"line":24,"column":2},"end":{"line":24,"column":29}}},"fnMap":{"0":{"name":"(anonymous_0)","decl":{"start":{"line":8,"column":13},"end":{"line":8,"column":14}},"loc":{"start":{"line":8,"column":40},"end":{"line":19,"column":1}},"line":8},"1":{"name":"(anonymous_1)","decl":{"start":{"line":9,"column":12},"end":{"line":9,"column":13}},"loc":{"start":{"line":9,"column":18},"end":{"line":11,"column":3}},"line":9},"2":{"name":"(anonymous_2)","decl":{"start":{"line":16,"column":21},"end":{"line":16,"column":22}},"loc":{"start":{"line":16,"column":31},"end":{"line":16,"column":69}},"line":16},"3":{"name":"(anonymous_3)","decl":{"start":{"line":21,"column":24},"end":{"line":21,"column":25}},"loc":{"start":{"line":21,"column":35},"end":{"line":25,"column":1}},"line":21}},"branchMap":{"0":{"loc":{"start":{"line":15,"column":7},"end":{"line":16,"column":70}},"type":"binary-expr","locations":[{"start":{"line":15,"column":7},"end":{"line":15,"column":15}},{"start":{"line":16,"column":8},"end":{"line":16,"column":70}}],"line":15}},"s":{"0":1,"1":1,"2":1,"3":1,"4":0,"5":1,"6":1,"7":1},"f":{"0":1,"1":1,"2":0,"3":1},"b":{"0":[1,1]},"_coverageSchema":"43e27e138ebf9cfc5966b082cf9a028302ed4184","hash":"3eda144d74f2706e3565dd122e080017cac7cd50"}
,"C:\\Users\\vitor.souza\\Documents\\React\\tree-items\\src\\components\\TreeItem.js": {"path":"C:\\Users\\vitor.souza\\Documents\\React\\tree-items\\src\\components\\TreeItem.js","statementMap":{"0":{"start":{"line":7,"column":19},"end":{"line":10,"column":1}},"1":{"start":{"line":12,"column":17},"end":{"line":50,"column":1}},"2":{"start":{"line":13,"column":28},"end":{"line":15,"column":3}},"3":{"start":{"line":14,"column":10},"end":{"line":14,"column":64}},"4":{"start":{"line":17,"column":23},"end":{"line":22,"column":3}},"5":{"start":{"line":18,"column":4},"end":{"line":20,"column":48}},"6":{"start":{"line":21,"column":4},"end":{"line":21,"column":35}},"7":{"start":{"line":24,"column":22},"end":{"line":26,"column":3}},"8":{"start":{"line":25,"column":4},"end":{"line":25,"column":28}},"9":{"start":{"line":28,"column":2},"end":{"line":49,"column":4}},"10":{"start":{"line":43,"column":16},"end":{"line":43,"column":56}}},"fnMap":{"0":{"name":"(anonymous_0)","decl":{"start":{"line":12,"column":17},"end":{"line":12,"column":18}},"loc":{"start":{"line":12,"column":31},"end":{"line":50,"column":1}},"line":12},"1":{"name":"(anonymous_1)","decl":{"start":{"line":14,"column":4},"end":{"line":14,"column":5}},"loc":{"start":{"line":14,"column":10},"end":{"line":14,"column":64}},"line":14},"2":{"name":"(anonymous_2)","decl":{"start":{"line":17,"column":23},"end":{"line":17,"column":24}},"loc":{"start":{"line":17,"column":34},"end":{"line":22,"column":3}},"line":17},"3":{"name":"(anonymous_3)","decl":{"start":{"line":24,"column":22},"end":{"line":24,"column":23}},"loc":{"start":{"line":24,"column":33},"end":{"line":26,"column":3}},"line":24},"4":{"name":"(anonymous_4)","decl":{"start":{"line":42,"column":47},"end":{"line":42,"column":48}},"loc":{"start":{"line":43,"column":16},"end":{"line":43,"column":56}},"line":43}},"branchMap":{"0":{"loc":{"start":{"line":14,"column":10},"end":{"line":14,"column":64}},"type":"binary-expr","locations":[{"start":{"line":14,"column":10},"end":{"line":14,"column":55}},{"start":{"line":14,"column":59},"end":{"line":14,"column":64}}],"line":14},"1":{"loc":{"start":{"line":18,"column":4},"end":{"line":20,"column":47}},"type":"cond-expr","locations":[{"start":{"line":19,"column":8},"end":{"line":19,"column":66}},{"start":{"line":20,"column":8},"end":{"line":20,"column":47}}],"line":18},"2":{"loc":{"start":{"line":41,"column":13},"end":{"line":44,"column":16}},"type":"binary-expr","locations":[{"start":{"line":41,"column":13},"end":{"line":41,"column":26}},{"start":{"line":42,"column":14},"end":{"line":44,"column":16}}],"line":41}},"s":{"0":2,"1":2,"2":3,"3":2,"4":3,"5":1,"6":1,"7":3,"8":0,"9":3,"10":0},"f":{"0":3,"1":2,"2":1,"3":0,"4":0},"b":{"0":[2,2],"1":[1,0],"2":[3,0]},"_coverageSchema":"43e27e138ebf9cfc5966b082cf9a028302ed4184","hash":"e056851c10fd5cfdbd37b556afbcf28c9eb184ad"}
,"C:\\Users\\vitor.souza\\Documents\\React\\tree-items\\src\\redux\\actionTypes.js": {"path":"C:\\Users\\vitor.souza\\Documents\\React\\tree-items\\src\\redux\\actionTypes.js","statementMap":{"0":{"start":{"line":1,"column":27},"end":{"line":4,"column":1}}},"fnMap":{},"branchMap":{},"s":{"0":5},"f":{},"b":{},"_coverageSchema":"43e27e138ebf9cfc5966b082cf9a028302ed4184","hash":"83137d0bdef34023c129df0c2ba63409c87ffb4f"}
,"C:\\Users\\vitor.souza\\Documents\\React\\tree-items\\src\\redux\\actions.js": {"path":"C:\\Users\\vitor.souza\\Documents\\React\\tree-items\\src\\redux\\actions.js","statementMap":{"0":{"start":{"line":4,"column":22},"end":{"line":7,"column":2}},"1":{"start":{"line":4,"column":33},"end":{"line":7,"column":1}},"2":{"start":{"line":9,"column":23},"end":{"line":13,"column":1}},"3":{"start":{"line":10,"column":2},"end":{"line":12,"column":4}},"4":{"start":{"line":11,"column":4},"end":{"line":11,"column":74}},"5":{"start":{"line":11,"column":43},"end":{"line":11,"column":72}},"6":{"start":{"line":15,"column":26},"end":{"line":18,"column":2}},"7":{"start":{"line":15,"column":37},"end":{"line":18,"column":1}}},"fnMap":{"0":{"name":"(anonymous_0)","decl":{"start":{"line":4,"column":22},"end":{"line":4,"column":23}},"loc":{"start":{"line":4,"column":33},"end":{"line":7,"column":1}},"line":4},"1":{"name":"(anonymous_1)","decl":{"start":{"line":9,"column":23},"end":{"line":9,"column":24}},"loc":{"start":{"line":9,"column":29},"end":{"line":13,"column":1}},"line":9},"2":{"name":"(anonymous_2)","decl":{"start":{"line":10,"column":9},"end":{"line":10,"column":10}},"loc":{"start":{"line":10,"column":23},"end":{"line":12,"column":3}},"line":10},"3":{"name":"(anonymous_3)","decl":{"start":{"line":11,"column":33},"end":{"line":11,"column":34}},"loc":{"start":{"line":11,"column":43},"end":{"line":11,"column":72}},"line":11},"4":{"name":"(anonymous_4)","decl":{"start":{"line":15,"column":26},"end":{"line":15,"column":27}},"loc":{"start":{"line":15,"column":37},"end":{"line":18,"column":1}},"line":15}},"branchMap":{},"s":{"0":1,"1":0,"2":1,"3":1,"4":1,"5":0,"6":1,"7":0},"f":{"0":0,"1":1,"2":1,"3":0,"4":0},"b":{},"_coverageSchema":"43e27e138ebf9cfc5966b082cf9a028302ed4184","hash":"a42d0792ad8e4b3b77484d8f872433876d8fecf6"}
,"C:\\Users\\vitor.souza\\Documents\\React\\tree-items\\src\\redux\\selectors.js": {"path":"C:\\Users\\vitor.souza\\Documents\\React\\tree-items\\src\\redux\\selectors.js","statementMap":{"0":{"start":{"line":1,"column":28},"end":{"line":3,"column":1}},"1":{"start":{"line":2,"column":2},"end":{"line":2,"column":55}}},"fnMap":{"0":{"name":"(anonymous_0)","decl":{"start":{"line":1,"column":28},"end":{"line":1,"column":29}},"loc":{"start":{"line":1,"column":39},"end":{"line":3,"column":1}},"line":1}},"branchMap":{"0":{"loc":{"start":{"line":2,"column":9},"end":{"line":2,"column":54}},"type":"cond-expr","locations":[{"start":{"line":2,"column":35},"end":{"line":2,"column":49}},{"start":{"line":2,"column":52},"end":{"line":2,"column":54}}],"line":2},"1":{"loc":{"start":{"line":2,"column":9},"end":{"line":2,"column":32}},"type":"binary-expr","locations":[{"start":{"line":2,"column":9},"end":{"line":2,"column":14}},{"start":{"line":2,"column":18},"end":{"line":2,"column":32}}],"line":2}},"s":{"0":1,"1":1},"f":{"0":1},"b":{"0":[1,0],"1":[1,1]},"_coverageSchema":"43e27e138ebf9cfc5966b082cf9a028302ed4184","hash":"a5adc013a5396dc6322882de2ba299557a0dfba3"}
,"C:\\Users\\vitor.souza\\Documents\\React\\tree-items\\src\\redux\\store.js": {"path":"C:\\Users\\vitor.souza\\Documents\\React\\tree-items\\src\\redux\\store.js","statementMap":{},"fnMap":{},"branchMap":{},"s":{},"f":{},"b":{},"hash":"66d7f88db7aedd29b94777165f7edaa5a6fb4770"}
,"C:\\Users\\vitor.souza\\Documents\\React\\tree-items\\src\\redux\\reducers\\index.js": {"path":"C:\\Users\\vitor.souza\\Documents\\React\\tree-items\\src\\redux\\reducers\\index.js","statementMap":{},"fnMap":{},"branchMap":{},"s":{},"f":{},"b":{},"_coverageSchema":"43e27e138ebf9cfc5966b082cf9a028302ed4184","hash":"456f43fc5d85eb0e7d7a9d3f384172a83573f598"}
,"C:\\Users\\vitor.souza\\Documents\\React\\tree-items\\src\\redux\\reducers\\treeItem.js": {"path":"C:\\Users\\vitor.souza\\Documents\\React\\tree-items\\src\\redux\\reducers\\treeItem.js","statementMap":{"0":{"start":{"line":4,"column":2},"end":{"line":12,"column":3}},"1":{"start":{"line":6,"column":6},"end":{"line":6,"column":19}},"2":{"start":{"line":8,"column":6},"end":{"line":8,"column":56}},"3":{"start":{"line":9,"column":6},"end":{"line":9,"column":37}},"4":{"start":{"line":11,"column":6},"end":{"line":11,"column":19}}},"fnMap":{"0":{"name":"(anonymous_0)","decl":{"start":{"line":3,"column":15},"end":{"line":3,"column":16}},"loc":{"start":{"line":3,"column":45},"end":{"line":13,"column":1}},"line":3}},"branchMap":{"0":{"loc":{"start":{"line":3,"column":25},"end":{"line":3,"column":35}},"type":"default-arg","locations":[{"start":{"line":3,"column":33},"end":{"line":3,"column":35}}],"line":3},"1":{"loc":{"start":{"line":4,"column":2},"end":{"line":12,"column":3}},"type":"switch","locations":[{"start":{"line":5,"column":4},"end":{"line":6,"column":19}},{"start":{"line":7,"column":4},"end":{"line":9,"column":37}},{"start":{"line":10,"column":4},"end":{"line":11,"column":19}}],"line":4}},"s":{"0":18,"1":0,"2":0,"3":0,"4":18},"f":{"0":18},"b":{"0":[18],"1":[0,0,18]},"_coverageSchema":"43e27e138ebf9cfc5966b082cf9a028302ed4184","hash":"b20cd06f65807f1282f3f1f20934bcbff611bdea"}
,"C:\\Users\\vitor.souza\\Documents\\React\\tree-items\\src\\utils\\api.js": {"path":"C:\\Users\\vitor.souza\\Documents\\React\\tree-items\\src\\utils\\api.js","statementMap":{"0":{"start":{"line":2,"column":19},"end":{"line":6,"column":4}},"1":{"start":{"line":5,"column":4},"end":{"line":5,"column":23}},"2":{"start":{"line":8,"column":2},"end":{"line":8,"column":18}},"3":{"start":{"line":12,"column":18},"end":{"line":21,"column":3}},"4":{"start":{"line":17,"column":10},"end":{"line":17,"column":71}},"5":{"start":{"line":23,"column":2},"end":{"line":23,"column":32}}},"fnMap":{"0":{"name":"fetchTreeItems","decl":{"start":{"line":1,"column":22},"end":{"line":1,"column":36}},"loc":{"start":{"line":1,"column":39},"end":{"line":9,"column":1}},"line":1},"1":{"name":"(anonymous_1)","decl":{"start":{"line":4,"column":9},"end":{"line":4,"column":10}},"loc":{"start":{"line":4,"column":19},"end":{"line":6,"column":3}},"line":4},"2":{"name":"decodeContent","decl":{"start":{"line":11,"column":24},"end":{"line":11,"column":37}},"loc":{"start":{"line":11,"column":44},"end":{"line":24,"column":1}},"line":11},"3":{"name":"(anonymous_3)","decl":{"start":{"line":16,"column":13},"end":{"line":16,"column":14}},"loc":{"start":{"line":16,"column":26},"end":{"line":18,"column":9}},"line":16}},"branchMap":{},"s":{"0":1,"1":0,"2":0,"3":0,"4":0,"5":0},"f":{"0":1,"1":0,"2":0,"3":0},"b":{},"_coverageSchema":"43e27e138ebf9cfc5966b082cf9a028302ed4184","hash":"fd1d3407b75eee0212d5bf7ad6ccbf1743c016b9"}
,"C:\\Users\\vitor.souza\\Documents\\React\\tree-items\\src\\utils\\test-utils.js": {"path":"C:\\Users\\vitor.souza\\Documents\\React\\tree-items\\src\\utils\\test-utils.js","statementMap":{"0":{"start":{"line":17,"column":4},"end":{"line":17,"column":57}},"1":{"start":{"line":19,"column":2},"end":{"line":19,"column":63}}},"fnMap":{"0":{"name":"render","decl":{"start":{"line":8,"column":9},"end":{"line":8,"column":15}},"loc":{"start":{"line":15,"column":2},"end":{"line":20,"column":1}},"line":15},"1":{"name":"Wrapper","decl":{"start":{"line":16,"column":11},"end":{"line":16,"column":18}},"loc":{"start":{"line":16,"column":33},"end":{"line":18,"column":3}},"line":16}},"branchMap":{"0":{"loc":{"start":{"line":10,"column":2},"end":{"line":14,"column":8}},"type":"default-arg","locations":[{"start":{"line":14,"column":6},"end":{"line":14,"column":8}}],"line":10},"1":{"loc":{"start":{"line":12,"column":4},"end":{"line":12,"column":74}},"type":"default-arg","locations":[{"start":{"line":12,"column":12},"end":{"line":12,"column":74}}],"line":12}},"s":{"0":8,"1":8},"f":{"0":8,"1":8},"b":{"0":[8],"1":[8]},"_coverageSchema":"43e27e138ebf9cfc5966b082cf9a028302ed4184","hash":"010b1aa4efcbb7dd6f0506e2009e26c961d20528"}
}
