TN:
SF:C:\Users\vitor.souza\Documents\React\tree-items\src\index.js
FNF:0
FNH:0
DA:7,0
DA:8,0
LF:2
LH:0
BRF:0
BRH:0
end_of_record
TN:
SF:C:\Users\vitor.souza\Documents\React\tree-items\src\components\Tree.js
FN:8,(anonymous_0)
FN:9,(anonymous_1)
FN:16,(anonymous_2)
FN:21,(anonymous_3)
FNF:4
FNH:3
FNDA:1,(anonymous_0)
FNDA:1,(anonymous_1)
FNDA:0,(anonymous_2)
FNDA:1,(anonymous_3)
DA:8,1
DA:9,1
DA:10,1
DA:13,1
DA:16,0
DA:21,1
DA:22,1
DA:24,1
LF:8
LH:7
BRDA:15,0,0,1
BRDA:15,0,1,1
BRF:2
BRH:2
end_of_record
TN:
SF:C:\Users\vitor.souza\Documents\React\tree-items\src\components\TreeItem.js
FN:12,(anonymous_0)
FN:14,(anonymous_1)
FN:17,(anonymous_2)
FN:24,(anonymous_3)
FN:42,(anonymous_4)
FNF:5
FNH:3
FNDA:3,(anonymous_0)
FNDA:2,(anonymous_1)
FNDA:1,(anonymous_2)
FNDA:0,(anonymous_3)
FNDA:0,(anonymous_4)
DA:7,2
DA:12,2
DA:13,3
DA:14,2
DA:17,3
DA:18,1
DA:21,1
DA:24,3
DA:25,0
DA:28,3
DA:43,0
LF:11
LH:9
BRDA:14,0,0,2
BRDA:14,0,1,2
BRDA:18,1,0,1
BRDA:18,1,1,0
BRDA:41,2,0,3
BRDA:41,2,1,0
BRF:6
BRH:4
end_of_record
TN:
SF:C:\Users\vitor.souza\Documents\React\tree-items\src\redux\actionTypes.js
FNF:0
FNH:0
DA:1,5
LF:1
LH:1
BRF:0
BRH:0
end_of_record
TN:
SF:C:\Users\vitor.souza\Documents\React\tree-items\src\redux\actions.js
FN:4,(anonymous_0)
FN:9,(anonymous_1)
FN:10,(anonymous_2)
FN:11,(anonymous_3)
FN:15,(anonymous_4)
FNF:5
FNH:2
FNDA:0,(anonymous_0)
FNDA:1,(anonymous_1)
FNDA:1,(anonymous_2)
FNDA:0,(anonymous_3)
FNDA:0,(anonymous_4)
DA:4,1
DA:9,1
DA:10,1
DA:11,1
DA:15,1
LF:5
LH:5
BRF:0
BRH:0
end_of_record
TN:
SF:C:\Users\vitor.souza\Documents\React\tree-items\src\redux\selectors.js
FN:1,(anonymous_0)
FNF:1
FNH:1
FNDA:1,(anonymous_0)
DA:1,1
DA:2,1
LF:2
LH:2
BRDA:2,0,0,1
BRDA:2,0,1,0
BRDA:2,1,0,1
BRDA:2,1,1,1
BRF:4
BRH:3
end_of_record
TN:
SF:C:\Users\vitor.souza\Documents\React\tree-items\src\redux\store.js
FNF:0
FNH:0
LF:0
LH:0
BRF:0
BRH:0
end_of_record
TN:
SF:C:\Users\vitor.souza\Documents\React\tree-items\src\redux\reducers\index.js
FNF:0
FNH:0
LF:0
LH:0
BRF:0
BRH:0
end_of_record
TN:
SF:C:\Users\vitor.souza\Documents\React\tree-items\src\redux\reducers\treeItem.js
FN:3,(anonymous_0)
FNF:1
FNH:1
FNDA:18,(anonymous_0)
DA:4,18
DA:6,0
DA:8,0
DA:9,0
DA:11,18
LF:5
LH:2
BRDA:3,0,0,18
BRDA:4,1,0,0
BRDA:4,1,1,0
BRDA:4,1,2,18
BRF:4
BRH:2
end_of_record
TN:
SF:C:\Users\vitor.souza\Documents\React\tree-items\src\utils\api.js
FN:1,fetchTreeItems
FN:4,(anonymous_1)
FN:11,decodeContent
FN:16,(anonymous_3)
FNF:4
FNH:1
FNDA:1,fetchTreeItems
FNDA:0,(anonymous_1)
FNDA:0,decodeContent
FNDA:0,(anonymous_3)
DA:2,1
DA:5,0
DA:8,0
DA:12,0
DA:17,0
DA:23,0
LF:6
LH:1
BRF:0
BRH:0
end_of_record
TN:
SF:C:\Users\vitor.souza\Documents\React\tree-items\src\utils\test-utils.js
FN:8,render
FN:16,Wrapper
FNF:2
FNH:2
FNDA:8,render
FNDA:8,Wrapper
DA:17,8
DA:19,8
LF:2
LH:2
BRDA:10,0,0,8
BRDA:12,1,0,8
BRF:2
BRH:2
end_of_record
